[2025-10-06 20:16:15.583] [INFO] [dev.kostromdan.mods.crash_assistant.app.CrashAssistantApp]: CrashAssistantApp running: JVM args: [-XX:+UseSerialGC, -XX:MaxHeapFreeRatio=30, -XX:MinHeapFreeRatio=10, -XX:MaxGCPauseMillis=10000, -Xms8m, -Xmx512m]
[2025-10-06 20:16:15.600] [INFO] [dev.kostromdan.mods.crash_assistant.app.CrashAssistantApp]: CrashAssistantApp running: program args: [-jarPath, local\crash_assistant\28052_1759770957331_app.jar, -parentPID, 28052, -parentStarted, 1759770957331, -platform, NEOFORGE, -loaderJarName, neoforge-21.1.209, -minecraftVersion, 1.21.1, -childProcessesPIDs, VU5ERUZJTkVE, -crashAssistantModJarName, CrashAssistant-neoforge-1.20.6-1.21.4-1.10.6.jar, -classPath, local\crash_assistant\28052_1759770957331_app.jar;local\crash_assistant\28052_1759770957331_mod.jar;C:\Users\ngabi\curseforge\minecraft\Install\libraries\org\apache\logging\log4j\log4j-api\2.22.1\log4j-api-2.22.1.jar;C:\Users\ngabi\curseforge\minecraft\Install\libraries\org\apache\logging\log4j\log4j-core\2.22.1\log4j-core-2.22.1.jar;C:\Users\ngabi\curseforge\minecraft\Install\libraries\com\google\code\gson\gson\2.10.1\gson-2.10.1.jar;C:\Users\ngabi\curseforge\minecraft\Install\libraries\commons-io\commons-io\2.15.1\commons-io-2.15.1.jar;C:\Users\ngabi\curseforge\minecraft\Install\libraries\net\java\dev\jna\jna\5.14.0\jna-5.14.0.jar;C:\Users\ngabi\curseforge\minecraft\Install\libraries\net\java\dev\jna\jna-platform\5.14.0\jna-platform-5.14.0.jar, -parentXms, 256m, -parentXmx, 4096m, -systemRAM, 7.3g, -processor, QU1EIFJ5emVuIDMgNTQyNVUgd2l0aCBSYWRlb24gR3JhcGhpY3MgICAgICAgICA=, -serialisedGPUs, VnVsa2FuIEdQVSBkZXRlY3Rpb24gYWRkb24gbm90IGZvdW5kLCBmYWxsaW5nIGJhY2sgdG8gRGlyZWN0WApTdWNjZXNzZnVsbHkgZGV0ZWN0ZWQgR1BVcyB1c2luZyBEaXJlY3RYOgpJTlRFR1JBVEVEIDogQU1EIFJhZGVvbiAoVE0pIEdyYXBoaWNzCg0K]
[2025-10-06 20:16:15.603] [INFO] [dev.kostromdan.mods.crash_assistant.app.CrashAssistantApp]: CrashAssistantApp running from: C:\Users\ngabi\curseforge\minecraft\Instances\Irony Galore
[2025-10-06 20:16:15.603] [INFO] [dev.kostromdan.mods.crash_assistant.app.CrashAssistantApp]: crashAssistantJarName: CrashAssistant-neoforge-1.20.6-1.21.4-1.10.6.jar
[2025-10-06 20:16:15.604] [INFO] [dev.kostromdan.mods.crash_assistant.app.CrashAssistantApp]: Parent PID: 28052
[2025-10-06 20:16:15.605] [INFO] [dev.kostromdan.mods.crash_assistant.app.CrashAssistantApp]: Parent started: 1759770957331
[2025-10-06 20:16:15.610] [INFO] [dev.kostromdan.mods.crash_assistant.app.CrashAssistantApp]: Platform: NEOFORGE
[2025-10-06 20:16:15.611] [INFO] [dev.kostromdan.mods.crash_assistant.app.CrashAssistantApp]: loaderJarName: neoforge-21.1.209
[2025-10-06 20:16:15.611] [INFO] [dev.kostromdan.mods.crash_assistant.app.CrashAssistantApp]: minecraftVersion: 1.21.1
[2025-10-06 20:16:15.612] [INFO] [dev.kostromdan.mods.crash_assistant.app.CrashAssistantApp]: childProcessesPIDs: UNDEFINED
[2025-10-06 20:16:15.612] [INFO] [dev.kostromdan.mods.crash_assistant.app.CrashAssistantApp]: parentXms: 256m
[2025-10-06 20:16:15.612] [INFO] [dev.kostromdan.mods.crash_assistant.app.CrashAssistantApp]: parentXmx: 4096m
[2025-10-06 20:16:15.613] [INFO] [dev.kostromdan.mods.crash_assistant.app.CrashAssistantApp]: systemRAM: 7.3g
[2025-10-06 20:16:15.613] [INFO] [dev.kostromdan.mods.crash_assistant.app.CrashAssistantApp]: processor: AMD Ryzen 3 5425U with Radeon Graphics         
[2025-10-06 20:16:15.614] [INFO] [dev.kostromdan.mods.crash_assistant.app.CrashAssistantApp]: Boot.serialisedGPUs:
Vulkan GPU detection addon not found, falling back to DirectX
Successfully detected GPUs using DirectX:
INTEGRATED : AMD Radeon (TM) Graphics


[2025-10-06 20:16:15.614] [INFO] [dev.kostromdan.mods.crash_assistant.app.CrashAssistantApp]: os.name: windows 11
[2025-10-06 20:16:15.623] [INFO] [dev.kostromdan.mods.crash_assistant.app.CrashAssistantApp]: Java path: C:\Users\ngabi\curseforge\minecraft\Install\runtime\java-runtime-delta\windows-x64\java-runtime-delta\bin\javaw.exe
[2025-10-06 20:16:15.624] [INFO] [dev.kostromdan.mods.crash_assistant.app.CrashAssistantApp]: Java version: 21.0.7+6-LTS
[2025-10-06 20:16:15.669] [INFO] [dev.kostromdan.mods.crash_assistant.app.CrashAssistantApp]: CrashAssistantApp started successfully. Waiting for PID 28052 to stop.
[2025-10-06 20:17:05.831] [INFO] [dev.kostromdan.mods.crash_assistant.app.CrashAssistantApp]: Minecraft is running on renderer:
AMD Radeon (TM) Graphics
[2025-10-06 20:24:08.735] [INFO] [dev.kostromdan.mods.crash_assistant.app.CrashAssistantApp]: PID "28052" is not alive or reused by another process. Minecraft JVM appears to have stopped.
[2025-10-06 20:24:09.078] [INFO] [dev.kostromdan.mods.crash_assistant.app.CrashAssistantApp]: Adding latest.log from C:\Users\ngabi\curseforge\minecraft\Instances\Irony Galore\logs\latest.log
[2025-10-06 20:24:09.088] [INFO] [dev.kostromdan.mods.crash_assistant.app.CrashAssistantApp]: Adding debug.log from C:\Users\ngabi\curseforge\minecraft\Instances\Irony Galore\logs\debug.log
[2025-10-06 20:24:09.098] [INFO] [dev.kostromdan.mods.crash_assistant.app.CrashAssistantApp]: Adding CurseForge: launcher_log.txt from C:\Users\ngabi\curseforge\minecraft\Instances\Irony Galore\..\..\Install\launcher_log.txt
[2025-10-06 20:24:09.123] [INFO] [dev.kostromdan.mods.crash_assistant.app.CrashAssistantApp]: Adding crash_assistant_app.log from C:\Users\ngabi\curseforge\minecraft\Instances\Irony Galore\logs\crash_assistant\crash_assistant_app.log
[2025-10-06 20:24:09.124] [INFO] [dev.kostromdan.mods.crash_assistant.app.CrashAssistantApp]: Reached first tick of TitleScreen: true
[2025-10-06 20:24:09.126] [INFO] [dev.kostromdan.mods.crash_assistant.app.CrashAssistantApp]: Joined world successfully: true
[2025-10-06 20:24:09.126] [INFO] [dev.kostromdan.mods.crash_assistant.app.CrashAssistantApp]: stop() function of Minecraft fired: true
[2025-10-06 20:24:09.128] [INFO] [dev.kostromdan.mods.crash_assistant.app.CrashAssistantApp]: close() function of Minecraft failed: false
[2025-10-06 20:24:09.128] [INFO] [dev.kostromdan.mods.crash_assistant.app.CrashAssistantApp]: emergencySave() function of Minecraft fired: false
[2025-10-06 20:24:09.174] [INFO] [dev.kostromdan.mods.crash_assistant.app.CrashAssistantApp]: isModpackCreator: true
[2025-10-06 20:24:09.178] [INFO] [dev.kostromdan.mods.crash_assistant.app.CrashAssistantApp]: isHelpLinkDefault: true
[2025-10-06 20:24:09.182] [INFO] [dev.kostromdan.mods.crash_assistant.app.CrashAssistantApp]: helpLink: https://discord.neoforged.net
[2025-10-06 20:24:09.183] [INFO] [dev.kostromdan.mods.crash_assistant.app.CrashAssistantApp]: Seems like Minecraft finished normally. Trying to locate terminated processes and Exiting Crash Assistant app.
